<?xml version="1.0" encoding="UTF-8"?>
<!-- Generated by org.testng.reporters.JUnitReportReporter -->
<testsuite hostname="Savyasachi" failures="0" tests="3" name="test.BankingProject.BankManagerLogin" time="37.921" errors="0" timestamp="2023-05-04T15:43:00 IST" skipped="0">
  <testcase classname="test.BankingProject.BankManagerLogin" name="verifyAddCustomer" time="10.393"/>
  <system-out/>
  <testcase classname="test.BankingProject.BankManagerLogin" name="verifyOpenAccount" time="12.202"/>
  <system-out/>
  <testcase classname="test.BankingProject.BankManagerLogin" name="verifyDeleteCustomer" time="15.326"/>
  <system-out/>
</testsuite> <!-- test.BankingProject.BankManagerLogin -->
