<?xml version="1.0" encoding="UTF-8"?>
<!-- Generated by org.testng.reporters.JUnitReportReporter -->
<testsuite hostname="Savyasachi" failures="0" tests="6" name="test.BankingProject.CustomerLogin" time="13.789" errors="0" timestamp="2023-05-04T15:43:00 IST" skipped="0">
  <testcase classname="test.BankingProject.CustomerLogin" name="verifyAmountCanBeDeposited" time="4.448"/>
  <system-out/>
  <testcase classname="test.BankingProject.CustomerLogin" name="verifySuccessBannerAfterDeposite" time="0.350"/>
  <system-out/>
  <testcase classname="test.BankingProject.CustomerLogin" name="verifyTransactionOfAmountDeposited" time="2.850"/>
  <system-out/>
  <testcase classname="test.BankingProject.CustomerLogin" name="verifyAmountCanBeWithdraw" time="3.975"/>
  <system-out/>
  <testcase classname="test.BankingProject.CustomerLogin" name="verifySuccessBannerAfterWithdrawl" time="0.114"/>
  <system-out/>
  <testcase classname="test.BankingProject.CustomerLogin" name="verifyTransactionOfAmountWithdrawn" time="2.052"/>
  <system-out/>
</testsuite> <!-- test.BankingProject.CustomerLogin -->
